Using pre-set license
Built from '2020.2/staging' branch; Version is '2020.2.5f1 (e2c53f129de5) revision 14861631'; Using compiler version '192528614'; Build Type 'Release'
OS: 'Windows 10 Home; OS build 19042.985; Version 2009; 64bit' Language: 'he' Physical Memory: 16217 MB
BatchMode: 1, IsHumanControllingUs: 0, StartBugReporterOnCrash: 0, Is64bit: 1, IsPro: 0

 COMMAND LINE ARGUMENTS:
C:\Program Files\Unity\Hub\Editor\2020.2.5f1\Editor\Unity.exe
-adb2
-batchMode
-noUpm
-name
AssetImportWorker0
-projectPath
C:/Users/zahta/Documents/GitHub/finalProject
-logFile
Logs/AssetImportWorker0.log
-srvPort
64173
Successfully changed project path to: C:/Users/zahta/Documents/GitHub/finalProject
C:/Users/zahta/Documents/GitHub/finalProject
Using Asset Import Pipeline V2.
Refreshing native plugins compatible for Editor in 56.80 ms, found 0 plugins.
Preloading 0 native plugins for Editor in 0.00 ms.
Initialize engine version: 2020.2.5f1 (e2c53f129de5)
[Subsystems] Discovering subsystems at path C:/Program Files/Unity/Hub/Editor/2020.2.5f1/Editor/Data/Resources/UnitySubsystems
[Subsystems] Discovering subsystems at path C:/Users/zahta/Documents/GitHub/finalProject/Assets
GfxDevice: creating device client; threaded=0
Direct3D:
    Version:  Direct3D 11.0 [level 11.1]
    Renderer: Intel(R) UHD Graphics 620 (ID=0x5917)
    Vendor:   
    VRAM:     8108 MB
    Driver:   26.20.100.7263
Initialize mono
Mono path[0] = 'C:/Program Files/Unity/Hub/Editor/2020.2.5f1/Editor/Data/Managed'
Mono path[1] = 'C:/Program Files/Unity/Hub/Editor/2020.2.5f1/Editor/Data/MonoBleedingEdge/lib/mono/unityjit'
Mono config path = 'C:/Program Files/Unity/Hub/Editor/2020.2.5f1/Editor/Data/MonoBleedingEdge/etc'
Using monoOptions --debugger-agent=transport=dt_socket,embedding=1,server=y,suspend=n,address=127.0.0.1:56476
Begin MonoManager ReloadAssembly
Registering precompiled unity dll's ...
Register platform support module: C:/Program Files/Unity/Hub/Editor/2020.2.5f1/Editor/Data/PlaybackEngines/WindowsStandaloneSupport/UnityEditor.WindowsStandalone.Extensions.dll
Registered in 0.006596 seconds.
Native extension for WindowsStandalone target not found
Refreshing native plugins compatible for Editor in 39.30 ms, found 0 plugins.
Preloading 0 native plugins for Editor in 0.00 ms.
Invoked RoslynAnalysisRunner static constructor.
RoslynAnalysisRunner will not be running.
RoslynAnalysisRunner has terminated.
Mono: successfully reloaded assembly
- Completed reload, in  2.524 seconds
Platform modules already initialized, skipping
Registering precompiled user dll's ...
Registered in 0.001503 seconds.
Begin MonoManager ReloadAssembly
Native extension for WindowsStandalone target not found
Refreshing native plugins compatible for Editor in 0.33 ms, found 0 plugins.
Preloading 0 native plugins for Editor in 0.00 ms.
Invoked RoslynAnalysisRunner static constructor.
RoslynAnalysisRunner will not be running.
RoslynAnalysisRunner has terminated.
Mono: successfully reloaded assembly
- Completed reload, in  1.542 seconds
Platform modules already initialized, skipping
========================================================================
Worker process is ready to serve import requests
Launched and connected shader compiler UnityShaderCompiler.exe after 0.09 seconds
Refreshing native plugins compatible for Editor in 0.60 ms, found 0 plugins.
Preloading 0 native plugins for Editor in 0.00 ms.
Unloading 1106 Unused Serialized files (Serialized files now loaded: 0)
System memory in use before: 73.7 MB.
System memory in use after: 73.7 MB.

Unloading 10 unused Assets to reduce memory usage. Loaded Objects now: 1569.
Total: 4.250500 ms (FindLiveObjects: 0.269300 ms CreateObjectMapping: 0.227500 ms MarkObjects: 3.598400 ms  DeleteObjects: 0.153300 ms)

========================================================================
Received Import Request.
  path: Assets/Prefabs/Medieval_Gold/1_coin.FBX
  artifactKey: Guid(e40fa0edf8a05e246b4f2025b5acdf75) Importer(815301076,1909f56bfc062723c751e8b465ee728b)
Start importing Assets/Prefabs/Medieval_Gold/1_coin.FBX using Guid(e40fa0edf8a05e246b4f2025b5acdf75) Importer(815301076,1909f56bfc062723c751e8b465ee728b)  -> (artifact id: '438b05253cbd68ea37302411cbcd9c9f') in 0.771610 seconds
  Import took 0.775774 seconds .

========================================================================
Received Import Request.
  Time since last request: 0.000438 seconds.
  path: Assets/Prefabs/Medieval_Gold/Gold_Ignots.FBX
  artifactKey: Guid(22d89f75378c5f841a7ab97e49c98b72) Importer(815301076,1909f56bfc062723c751e8b465ee728b)
Start importing Assets/Prefabs/Medieval_Gold/Gold_Ignots.FBX using Guid(22d89f75378c5f841a7ab97e49c98b72) Importer(815301076,1909f56bfc062723c751e8b465ee728b)  -> (artifact id: '8250a80c54374928e044854c2020bb5f') in 0.746652 seconds
  Import took 0.750730 seconds .

========================================================================
Received Import Request.
  Time since last request: 0.000469 seconds.
  path: Assets/Prefabs/Medieval_Gold/1_ignot.FBX
  artifactKey: Guid(f61e2c06933fe5145a42eccb1e13acc7) Importer(815301076,1909f56bfc062723c751e8b465ee728b)
Start importing Assets/Prefabs/Medieval_Gold/1_ignot.FBX using Guid(f61e2c06933fe5145a42eccb1e13acc7) Importer(815301076,1909f56bfc062723c751e8b465ee728b)  -> (artifact id: '7a74572a6f7b79fae72de8372bd96879') in 0.025264 seconds
  Import took 0.028103 seconds .

========================================================================
Received Import Request.
  Time since last request: 0.000424 seconds.
  path: Assets/Prefabs/Medieval_Gold/Coins.FBX
  artifactKey: Guid(e5a1087c565204f42969686d1df0633d) Importer(815301076,1909f56bfc062723c751e8b465ee728b)
Start importing Assets/Prefabs/Medieval_Gold/Coins.FBX using Guid(e5a1087c565204f42969686d1df0633d) Importer(815301076,1909f56bfc062723c751e8b465ee728b)  -> (artifact id: '72f97f5e48e176dca0a714740f2f8876') in 0.355995 seconds
  Import took 0.359428 seconds .

========================================================================
Received Import Request.
  Time since last request: 0.000387 seconds.
  path: Assets/Prefabs/Medieval_Gold/1_ignot.FBX
  artifactKey: Guid(f61e2c06933fe5145a42eccb1e13acc7) Importer(815301076,1909f56bfc062723c751e8b465ee728b)
Start importing Assets/Prefabs/Medieval_Gold/1_ignot.FBX using Guid(f61e2c06933fe5145a42eccb1e13acc7) Importer(815301076,1909f56bfc062723c751e8b465ee728b)  -> (artifact id: '7a74572a6f7b79fae72de8372bd96879') in 0.021631 seconds
  Import took 0.024312 seconds .

========================================================================
Received Import Request.
  Time since last request: 0.000338 seconds.
  path: Assets/Prefabs/Medieval_Gold
  artifactKey: Guid(c5fa184da3ee5d24eb183904db110e6a) Importer(815301076,1909f56bfc062723c751e8b465ee728b)
Start importing Assets/Prefabs/Medieval_Gold using Guid(c5fa184da3ee5d24eb183904db110e6a) Importer(815301076,1909f56bfc062723c751e8b465ee728b)  -> (artifact id: '523f2f62c579a6467cda93fb54922b1e') in 0.003830 seconds
  Import took 0.006644 seconds .

========================================================================
Received Prepare
Registering precompiled user dll's ...
Registered in 0.000988 seconds.
Begin MonoManager ReloadAssembly
Native extension for WindowsStandalone target not found
Refreshing native plugins compatible for Editor in 0.30 ms, found 0 plugins.
Preloading 0 native plugins for Editor in 0.00 ms.
Invoked RoslynAnalysisRunner static constructor.
RoslynAnalysisRunner will not be running.
RoslynAnalysisRunner has terminated.
Mono: successfully reloaded assembly
- Completed reload, in  1.735 seconds
Platform modules already initialized, skipping
Refreshing native plugins compatible for Editor in 0.45 ms, found 0 plugins.
Preloading 0 native plugins for Editor in 0.00 ms.
Unloading 1101 Unused Serialized files (Serialized files now loaded: 0)
System memory in use before: 77.4 MB.
System memory in use after: 77.5 MB.

Unloading 5 unused Assets to reduce memory usage. Loaded Objects now: 1583.
Total: 5.966200 ms (FindLiveObjects: 0.379400 ms CreateObjectMapping: 0.182000 ms MarkObjects: 4.942800 ms  DeleteObjects: 0.456700 ms)

========================================================================
Received Import Request.
  Time since last request: 404.838055 seconds.
  path: Assets/Scripts/PickCoins.cs
  artifactKey: Guid(8bc46270c773fb544bb03b2186f8d79d) Importer(815301076,1909f56bfc062723c751e8b465ee728b)
Start importing Assets/Scripts/PickCoins.cs using Guid(8bc46270c773fb544bb03b2186f8d79d) Importer(815301076,1909f56bfc062723c751e8b465ee728b)  -> (artifact id: 'efffe9e882a5aeb9baa82759dc909f33') in 0.057603 seconds
  Import took 0.066484 seconds .

========================================================================
Received Import Request.
  Time since last request: 33.526971 seconds.
  path: Assets/Prefabs/Medieval_Gold/Scene
  artifactKey: Guid(35cde5afd0fdc934ca870589ba2f4832) Importer(815301076,1909f56bfc062723c751e8b465ee728b)
Start importing Assets/Prefabs/Medieval_Gold/Scene using Guid(35cde5afd0fdc934ca870589ba2f4832) Importer(815301076,1909f56bfc062723c751e8b465ee728b)  -> (artifact id: 'ca9535eaf97f156d96916b41f4ecdf2e') in 0.005134 seconds
  Import took 0.008963 seconds .

========================================================================
Received Import Request.
  Time since last request: 0.000485 seconds.
  path: Assets/Prefabs/Medieval_Gold/Scene
  artifactKey: Guid(35cde5afd0fdc934ca870589ba2f4832) Importer(815301076,1909f56bfc062723c751e8b465ee728b)
Start importing Assets/Prefabs/Medieval_Gold/Scene using Guid(35cde5afd0fdc934ca870589ba2f4832) Importer(815301076,1909f56bfc062723c751e8b465ee728b)  -> (artifact id: 'ca9535eaf97f156d96916b41f4ecdf2e') in 0.004827 seconds
  Import took 0.008072 seconds .

========================================================================
Received Import Request.
  Time since last request: 1.457552 seconds.
  path: Assets/Prefabs/Medieval_Gold/Materials/gold_bar_color.mat
  artifactKey: Guid(b7f70d23ebeb07948a56eb18dfd48cfb) Importer(815301076,1909f56bfc062723c751e8b465ee728b)
Start importing Assets/Prefabs/Medieval_Gold/Materials/gold_bar_color.mat using Guid(b7f70d23ebeb07948a56eb18dfd48cfb) Importer(815301076,1909f56bfc062723c751e8b465ee728b)  -> (artifact id: 'c202c191c72e3e8d910e6913ea1ba005') in 0.143063 seconds
  Import took 0.147479 seconds .

========================================================================
Received Import Request.
  Time since last request: 0.000572 seconds.
  path: Assets/Prefabs/Medieval_Gold/Materials/gold_coin_color.mat
  artifactKey: Guid(46942e7ff881c4d4ca139892f7a02acc) Importer(815301076,1909f56bfc062723c751e8b465ee728b)
Start importing Assets/Prefabs/Medieval_Gold/Materials/gold_coin_color.mat using Guid(46942e7ff881c4d4ca139892f7a02acc) Importer(815301076,1909f56bfc062723c751e8b465ee728b)  -> (artifact id: 'b8ec4cb76b4f4a37bd342023e0bbb4f8') in 0.042430 seconds
  Import took 0.045926 seconds .

========================================================================
Received Import Request.
  Time since last request: 0.984998 seconds.
  path: Assets/Prefabs/Medieval_Gold/textures/gold_bar_color.tif
  artifactKey: Guid(8c37fc22685f3a04fbd3d9c7fbb6175b) Importer(815301076,1909f56bfc062723c751e8b465ee728b)
Start importing Assets/Prefabs/Medieval_Gold/textures/gold_bar_color.tif using Guid(8c37fc22685f3a04fbd3d9c7fbb6175b) Importer(815301076,1909f56bfc062723c751e8b465ee728b)  -> (artifact id: 'c46b9899c85c2172ebe85a6b402237ba') in 0.029799 seconds
  Import took 0.033010 seconds .

========================================================================
Received Import Request.
  Time since last request: 0.000352 seconds.
  path: Assets/Prefabs/Medieval_Gold/textures/gold_coin_normals.tif
  artifactKey: Guid(216cd6ab4ba2b354c85bf24c22fd9bc3) Importer(815301076,1909f56bfc062723c751e8b465ee728b)
Start importing Assets/Prefabs/Medieval_Gold/textures/gold_coin_normals.tif using Guid(216cd6ab4ba2b354c85bf24c22fd9bc3) Importer(815301076,1909f56bfc062723c751e8b465ee728b)  -> (artifact id: '4215798754561107a10521666135e9ce') in 0.018786 seconds
  Import took 0.021292 seconds .

========================================================================
Received Import Request.
  Time since last request: 0.000344 seconds.
  path: Assets/Prefabs/Medieval_Gold/textures/gold_coin_Specular.tif
  artifactKey: Guid(28cf07dc6497ea84f8d5cd556e4f2bea) Importer(815301076,1909f56bfc062723c751e8b465ee728b)
Start importing Assets/Prefabs/Medieval_Gold/textures/gold_coin_Specular.tif using Guid(28cf07dc6497ea84f8d5cd556e4f2bea) Importer(815301076,1909f56bfc062723c751e8b465ee728b)  -> (artifact id: 'edb06a7fc7f93f4cd6607aaad802a973') in 0.019640 seconds
  Import took 0.022544 seconds .

========================================================================
Received Import Request.
  Time since last request: 0.000419 seconds.
  path: Assets/Prefabs/Medieval_Gold/textures/gold_coin_color.tif
  artifactKey: Guid(217ad9e57cca95a45917595677c6d8dd) Importer(815301076,1909f56bfc062723c751e8b465ee728b)
Start importing Assets/Prefabs/Medieval_Gold/textures/gold_coin_color.tif using Guid(217ad9e57cca95a45917595677c6d8dd) Importer(815301076,1909f56bfc062723c751e8b465ee728b)  -> (artifact id: '40b71562b6843f1fd4aa592674c999da') in 0.029791 seconds
  Import took 0.032894 seconds .

========================================================================
Received Import Request.
  Time since last request: 0.000474 seconds.
  path: Assets/Prefabs/Medieval_Gold/textures/gold_bar_Specular.tif
  artifactKey: Guid(a2ba1c08f55b40046815ad0b116178e3) Importer(815301076,1909f56bfc062723c751e8b465ee728b)
Start importing Assets/Prefabs/Medieval_Gold/textures/gold_bar_Specular.tif using Guid(a2ba1c08f55b40046815ad0b116178e3) Importer(815301076,1909f56bfc062723c751e8b465ee728b)  -> (artifact id: '9b1982850d4c3299416d9b0bafe0645d') in 0.032224 seconds
  Import took 0.035600 seconds .

========================================================================
Received Import Request.
  Time since last request: 0.000463 seconds.
  path: Assets/Prefabs/Medieval_Gold/textures/gold_bar_normals.tif
  artifactKey: Guid(e8fc78b751f96024bbed2b1d570f082c) Importer(815301076,1909f56bfc062723c751e8b465ee728b)
Start importing Assets/Prefabs/Medieval_Gold/textures/gold_bar_normals.tif using Guid(e8fc78b751f96024bbed2b1d570f082c) Importer(815301076,1909f56bfc062723c751e8b465ee728b)  -> (artifact id: '7b37fba7b6b48741828a301bcfc99218') in 0.032093 seconds
  Import took 0.037332 seconds .

========================================================================
Received Import Request.
  Time since last request: 116.893524 seconds.
  path: Assets/Prefabs/Zero Rare
  artifactKey: Guid(b775a6126e503d54d978794ca01b2e7e) Importer(815301076,1909f56bfc062723c751e8b465ee728b)
Start importing Assets/Prefabs/Zero Rare using Guid(b775a6126e503d54d978794ca01b2e7e) Importer(815301076,1909f56bfc062723c751e8b465ee728b)  -> (artifact id: 'ef9e8193bd6df2395365311d4469c97a') in 0.006102 seconds
  Import took 0.010279 seconds .

========================================================================
Received Import Request.
  Time since last request: 2.856624 seconds.
  path: Assets/Prefabs/Zero Rare/Retro Sound Effects
  artifactKey: Guid(e1c647daf01145c43bfc1cf45a9ace1d) Importer(815301076,1909f56bfc062723c751e8b465ee728b)
Start importing Assets/Prefabs/Zero Rare/Retro Sound Effects using Guid(e1c647daf01145c43bfc1cf45a9ace1d) Importer(815301076,1909f56bfc062723c751e8b465ee728b)  -> (artifact id: '0221ad13c97dbbc976383d7e2910891e') in 0.006276 seconds
  Import took 0.010475 seconds .

========================================================================
Received Import Request.
  Time since last request: 2.154429 seconds.
  path: Assets/Prefabs/Zero Rare/Retro Sound Effects/Audio
  artifactKey: Guid(468df39daa54a6a4ead2e7af8386d52e) Importer(815301076,1909f56bfc062723c751e8b465ee728b)
Start importing Assets/Prefabs/Zero Rare/Retro Sound Effects/Audio using Guid(468df39daa54a6a4ead2e7af8386d52e) Importer(815301076,1909f56bfc062723c751e8b465ee728b)  -> (artifact id: '9fb636f4f311c1ebbcd94ba15cb69cbb') in 0.006084 seconds
  Import took 0.012179 seconds .

========================================================================
Received Import Request.
  Time since last request: 2.549494 seconds.
  path: Assets/Prefabs/Zero Rare/Retro Sound Effects/Audio/Coin
  artifactKey: Guid(2734e59f99189fe46becda93c4208f3a) Importer(815301076,1909f56bfc062723c751e8b465ee728b)
Start importing Assets/Prefabs/Zero Rare/Retro Sound Effects/Audio/Coin using Guid(2734e59f99189fe46becda93c4208f3a) Importer(815301076,1909f56bfc062723c751e8b465ee728b)  -> (artifact id: '944138194d1d427944710fd5a3597fbf') in 0.006934 seconds
  Import took 0.010533 seconds .

========================================================================
Received Import Request.
  Time since last request: 0.053856 seconds.
  path: Assets/Prefabs/Zero Rare/Retro Sound Effects/Audio/Coin/coin_01.wav
  artifactKey: Guid(5ac6242608b593342802f2c42954d298) Importer(815301076,1909f56bfc062723c751e8b465ee728b)
Start importing Assets/Prefabs/Zero Rare/Retro Sound Effects/Audio/Coin/coin_01.wav using Guid(5ac6242608b593342802f2c42954d298) Importer(815301076,1909f56bfc062723c751e8b465ee728b)  -> (artifact id: 'cd217e1a738d99671f10476905e76c47') in 0.073756 seconds
  Import took 0.081643 seconds .

========================================================================
Received Import Request.
  Time since last request: 0.000546 seconds.
  path: Assets/Prefabs/Zero Rare/Retro Sound Effects/Audio/Coin/coin_02.wav
  artifactKey: Guid(16f6ba62752f6f340a663ecd14475490) Importer(815301076,1909f56bfc062723c751e8b465ee728b)
Start importing Assets/Prefabs/Zero Rare/Retro Sound Effects/Audio/Coin/coin_02.wav using Guid(16f6ba62752f6f340a663ecd14475490) Importer(815301076,1909f56bfc062723c751e8b465ee728b)  -> (artifact id: '12121edead262924c7d8afe514d75c94') in 0.022784 seconds
  Import took 0.029184 seconds .

========================================================================
Received Import Request.
  Time since last request: 56.268359 seconds.
  path: Assets/New Terrain 1.asset
  artifactKey: Guid(bef91ccfa9d33ed48b9a33b774560d05) Importer(815301076,1909f56bfc062723c751e8b465ee728b)
Start importing Assets/New Terrain 1.asset using Guid(bef91ccfa9d33ed48b9a33b774560d05) Importer(815301076,1909f56bfc062723c751e8b465ee728b)  -> (artifact id: 'cbd639e674e493a81d89261c8eba5cad') in 0.059081 seconds
  Import took 0.063915 seconds .

========================================================================
Received Import Request.
  Time since last request: 0.000622 seconds.
  path: Assets/New Terrain.asset
  artifactKey: Guid(aacf6cf351866c04dac422733039496b) Importer(815301076,1909f56bfc062723c751e8b465ee728b)
Start importing Assets/New Terrain.asset using Guid(aacf6cf351866c04dac422733039496b) Importer(815301076,1909f56bfc062723c751e8b465ee728b)  -> (artifact id: '30583f462479d265e893b807ba1434c8') in 0.044774 seconds
  Import took 0.048193 seconds .

========================================================================
Received Prepare
Registering precompiled user dll's ...
Registered in 0.001609 seconds.
Begin MonoManager ReloadAssembly
Native extension for WindowsStandalone target not found
Refreshing native plugins compatible for Editor in 0.34 ms, found 0 plugins.
Preloading 0 native plugins for Editor in 0.00 ms.
Invoked RoslynAnalysisRunner static constructor.
RoslynAnalysisRunner will not be running.
RoslynAnalysisRunner has terminated.
Mono: successfully reloaded assembly
- Completed reload, in  2.012 seconds
Platform modules already initialized, skipping
Refreshing native plugins compatible for Editor in 0.38 ms, found 0 plugins.
Preloading 0 native plugins for Editor in 0.00 ms.
Unloading 1101 Unused Serialized files (Serialized files now loaded: 0)
System memory in use before: 77.7 MB.
System memory in use after: 77.8 MB.

Unloading 5 unused Assets to reduce memory usage. Loaded Objects now: 1624.
Total: 2.057900 ms (FindLiveObjects: 0.187500 ms CreateObjectMapping: 0.043200 ms MarkObjects: 1.736700 ms  DeleteObjects: 0.088600 ms)

========================================================================
Received Prepare
Registering precompiled user dll's ...
Registered in 0.001332 seconds.
Begin MonoManager ReloadAssembly
Native extension for WindowsStandalone target not found
Refreshing native plugins compatible for Editor in 0.31 ms, found 0 plugins.
Preloading 0 native plugins for Editor in 0.00 ms.
Invoked RoslynAnalysisRunner static constructor.
RoslynAnalysisRunner will not be running.
RoslynAnalysisRunner has terminated.
Mono: successfully reloaded assembly
- Completed reload, in  2.165 seconds
Platform modules already initialized, skipping
Refreshing native plugins compatible for Editor in 0.35 ms, found 0 plugins.
Preloading 0 native plugins for Editor in 0.00 ms.
Unloading 1101 Unused Serialized files (Serialized files now loaded: 0)
System memory in use before: 77.7 MB.
System memory in use after: 77.8 MB.

Unloading 5 unused Assets to reduce memory usage. Loaded Objects now: 1626.
Total: 2.483800 ms (FindLiveObjects: 0.156100 ms CreateObjectMapping: 0.061700 ms MarkObjects: 2.154500 ms  DeleteObjects: 0.110000 ms)

========================================================================
Received Prepare
Registering precompiled user dll's ...
Registered in 0.001963 seconds.
Begin MonoManager ReloadAssembly
Native extension for WindowsStandalone target not found
Refreshing native plugins compatible for Editor in 0.40 ms, found 0 plugins.
Preloading 0 native plugins for Editor in 0.00 ms.
Invoked RoslynAnalysisRunner static constructor.
RoslynAnalysisRunner will not be running.
RoslynAnalysisRunner has terminated.
Mono: successfully reloaded assembly
- Completed reload, in  2.210 seconds
Platform modules already initialized, skipping
Refreshing native plugins compatible for Editor in 0.33 ms, found 0 plugins.
Preloading 0 native plugins for Editor in 0.00 ms.
Unloading 1101 Unused Serialized files (Serialized files now loaded: 0)
System memory in use before: 77.8 MB.
System memory in use after: 77.8 MB.

Unloading 5 unused Assets to reduce memory usage. Loaded Objects now: 1628.
Total: 3.679800 ms (FindLiveObjects: 0.229700 ms CreateObjectMapping: 0.069800 ms MarkObjects: 3.272700 ms  DeleteObjects: 0.104900 ms)

========================================================================
Received Prepare
Registering precompiled user dll's ...
Registered in 0.001558 seconds.
Begin MonoManager ReloadAssembly
Native extension for WindowsStandalone target not found
Refreshing native plugins compatible for Editor in 0.49 ms, found 0 plugins.
Preloading 0 native plugins for Editor in 0.00 ms.
Invoked RoslynAnalysisRunner static constructor.
RoslynAnalysisRunner will not be running.
RoslynAnalysisRunner has terminated.
Mono: successfully reloaded assembly
- Completed reload, in  2.257 seconds
Platform modules already initialized, skipping
Refreshing native plugins compatible for Editor in 0.36 ms, found 0 plugins.
Preloading 0 native plugins for Editor in 0.00 ms.
Unloading 1101 Unused Serialized files (Serialized files now loaded: 0)
System memory in use before: 77.8 MB.
System memory in use after: 77.8 MB.

Unloading 5 unused Assets to reduce memory usage. Loaded Objects now: 1630.
Total: 5.771400 ms (FindLiveObjects: 0.384600 ms CreateObjectMapping: 0.118500 ms MarkObjects: 5.046800 ms  DeleteObjects: 0.217300 ms)

========================================================================
Received Prepare
Registering precompiled user dll's ...
Registered in 0.001229 seconds.
Begin MonoManager ReloadAssembly
Native extension for WindowsStandalone target not found
Refreshing native plugins compatible for Editor in 0.36 ms, found 0 plugins.
Preloading 0 native plugins for Editor in 0.00 ms.
Invoked RoslynAnalysisRunner static constructor.
RoslynAnalysisRunner will not be running.
RoslynAnalysisRunner has terminated.
Mono: successfully reloaded assembly
- Completed reload, in  2.845 seconds
Platform modules already initialized, skipping
Refreshing native plugins compatible for Editor in 1.19 ms, found 0 plugins.
Preloading 0 native plugins for Editor in 0.00 ms.
Unloading 1101 Unused Serialized files (Serialized files now loaded: 0)
System memory in use before: 77.8 MB.
System memory in use after: 77.8 MB.

Unloading 5 unused Assets to reduce memory usage. Loaded Objects now: 1632.
Total: 5.199800 ms (FindLiveObjects: 0.839300 ms CreateObjectMapping: 0.158600 ms MarkObjects: 4.086100 ms  DeleteObjects: 0.109800 ms)

========================================================================
Received Prepare
Registering precompiled user dll's ...
Registered in 0.002233 seconds.
Begin MonoManager ReloadAssembly
Native extension for WindowsStandalone target not found
Refreshing native plugins compatible for Editor in 0.77 ms, found 0 plugins.
Preloading 0 native plugins for Editor in 0.00 ms.
Invoked RoslynAnalysisRunner static constructor.
RoslynAnalysisRunner will not be running.
RoslynAnalysisRunner has terminated.
Mono: successfully reloaded assembly
- Completed reload, in  1.879 seconds
Platform modules already initialized, skipping
Refreshing native plugins compatible for Editor in 0.26 ms, found 0 plugins.
Preloading 0 native plugins for Editor in 0.00 ms.
Unloading 1101 Unused Serialized files (Serialized files now loaded: 0)
System memory in use before: 77.8 MB.
System memory in use after: 77.9 MB.

Unloading 5 unused Assets to reduce memory usage. Loaded Objects now: 1634.
Total: 2.561000 ms (FindLiveObjects: 0.183000 ms CreateObjectMapping: 0.044700 ms MarkObjects: 2.256300 ms  DeleteObjects: 0.075800 ms)

========================================================================
Received Prepare
Registering precompiled user dll's ...
Registered in 0.001052 seconds.
Begin MonoManager ReloadAssembly
Native extension for WindowsStandalone target not found
Refreshing native plugins compatible for Editor in 0.55 ms, found 0 plugins.
Preloading 0 native plugins for Editor in 0.00 ms.
Invoked RoslynAnalysisRunner static constructor.
RoslynAnalysisRunner will not be running.
RoslynAnalysisRunner has terminated.
Mono: successfully reloaded assembly
- Completed reload, in  1.634 seconds
Platform modules already initialized, skipping
Refreshing native plugins compatible for Editor in 0.24 ms, found 0 plugins.
Preloading 0 native plugins for Editor in 0.00 ms.
Unloading 1102 Unused Serialized files (Serialized files now loaded: 0)
System memory in use before: 77.9 MB.
System memory in use after: 77.9 MB.

Unloading 5 unused Assets to reduce memory usage. Loaded Objects now: 1637.
Total: 2.029300 ms (FindLiveObjects: 0.203300 ms CreateObjectMapping: 0.057500 ms MarkObjects: 1.671700 ms  DeleteObjects: 0.095300 ms)

========================================================================
Received Import Request.
  Time since last request: 1636.801740 seconds.
  path: Assets/Scripts/GunShooting.cs
  artifactKey: Guid(451c4748c92728f48906928c74ea2c69) Importer(815301076,1909f56bfc062723c751e8b465ee728b)
Start importing Assets/Scripts/GunShooting.cs using Guid(451c4748c92728f48906928c74ea2c69) Importer(815301076,1909f56bfc062723c751e8b465ee728b)  -> (artifact id: 'cd910d1c653f086a82f1428543325d65') in 0.013362 seconds
  Import took 0.017125 seconds .

========================================================================
Received Import Request.
  Time since last request: 155.574796 seconds.
  path: Assets/Prefabs/Pistol/Pistol.FBX
  artifactKey: Guid(788267e74b26df7408c35e159e98bcb9) Importer(815301076,1909f56bfc062723c751e8b465ee728b)
Start importing Assets/Prefabs/Pistol/Pistol.FBX using Guid(788267e74b26df7408c35e159e98bcb9) Importer(815301076,1909f56bfc062723c751e8b465ee728b)  -> (artifact id: 'be204916d90abebaef8550f7a25701a1') in 0.395764 seconds
  Import took 0.400517 seconds .

========================================================================
Received Prepare
Registering precompiled user dll's ...
Registered in 0.001083 seconds.
Begin MonoManager ReloadAssembly
Native extension for WindowsStandalone target not found
Refreshing native plugins compatible for Editor in 0.26 ms, found 0 plugins.
Preloading 0 native plugins for Editor in 0.00 ms.
Invoked RoslynAnalysisRunner static constructor.
RoslynAnalysisRunner will not be running.
RoslynAnalysisRunner has terminated.
Mono: successfully reloaded assembly
- Completed reload, in  0.843 seconds
Platform modules already initialized, skipping
Refreshing native plugins compatible for Editor in 0.22 ms, found 0 plugins.
Preloading 0 native plugins for Editor in 0.00 ms.
Unloading 1102 Unused Serialized files (Serialized files now loaded: 0)
System memory in use before: 77.9 MB.
System memory in use after: 78.0 MB.

Unloading 5 unused Assets to reduce memory usage. Loaded Objects now: 1640.
Total: 2.435100 ms (FindLiveObjects: 0.365600 ms CreateObjectMapping: 0.062600 ms MarkObjects: 1.929700 ms  DeleteObjects: 0.075700 ms)

========================================================================
Received Prepare
Registering precompiled user dll's ...
Registered in 0.001444 seconds.
Begin MonoManager ReloadAssembly
Native extension for WindowsStandalone target not found
Refreshing native plugins compatible for Editor in 0.26 ms, found 0 plugins.
Preloading 0 native plugins for Editor in 0.00 ms.
Invoked RoslynAnalysisRunner static constructor.
RoslynAnalysisRunner will not be running.
RoslynAnalysisRunner has terminated.
Mono: successfully reloaded assembly
- Completed reload, in  1.124 seconds
Platform modules already initialized, skipping
Refreshing native plugins compatible for Editor in 0.21 ms, found 0 plugins.
Preloading 0 native plugins for Editor in 0.00 ms.
Unloading 1102 Unused Serialized files (Serialized files now loaded: 0)
System memory in use before: 77.9 MB.
System memory in use after: 78.0 MB.

Unloading 5 unused Assets to reduce memory usage. Loaded Objects now: 1642.
Total: 3.164300 ms (FindLiveObjects: 0.161200 ms CreateObjectMapping: 0.042600 ms MarkObjects: 2.802900 ms  DeleteObjects: 0.155700 ms)

========================================================================
Received Prepare
Registering precompiled user dll's ...
Registered in 0.001124 seconds.
Begin MonoManager ReloadAssembly
Native extension for WindowsStandalone target not found
Refreshing native plugins compatible for Editor in 0.45 ms, found 0 plugins.
Preloading 0 native plugins for Editor in 0.00 ms.
Invoked RoslynAnalysisRunner static constructor.
RoslynAnalysisRunner will not be running.
RoslynAnalysisRunner has terminated.
Mono: successfully reloaded assembly
- Completed reload, in  2.901 seconds
Platform modules already initialized, skipping
Refreshing native plugins compatible for Editor in 0.64 ms, found 0 plugins.
Preloading 0 native plugins for Editor in 0.00 ms.
Unloading 1102 Unused Serialized files (Serialized files now loaded: 0)
System memory in use before: 77.9 MB.
System memory in use after: 78.0 MB.

Unloading 5 unused Assets to reduce memory usage. Loaded Objects now: 1644.
Total: 6.993000 ms (FindLiveObjects: 0.701000 ms CreateObjectMapping: 0.162400 ms MarkObjects: 5.858500 ms  DeleteObjects: 0.265900 ms)

========================================================================
Received Prepare
Registering precompiled user dll's ...
Registered in 0.001208 seconds.
Begin MonoManager ReloadAssembly
Native extension for WindowsStandalone target not found
Refreshing native plugins compatible for Editor in 0.98 ms, found 0 plugins.
Preloading 0 native plugins for Editor in 0.00 ms.
Invoked RoslynAnalysisRunner static constructor.
RoslynAnalysisRunner will not be running.
RoslynAnalysisRunner has terminated.
Mono: successfully reloaded assembly
- Completed reload, in  2.718 seconds
Platform modules already initialized, skipping
Refreshing native plugins compatible for Editor in 0.96 ms, found 0 plugins.
Preloading 0 native plugins for Editor in 0.00 ms.
Unloading 1102 Unused Serialized files (Serialized files now loaded: 0)
System memory in use before: 77.9 MB.
System memory in use after: 78.0 MB.

Unloading 5 unused Assets to reduce memory usage. Loaded Objects now: 1646.
Total: 2.551300 ms (FindLiveObjects: 0.270400 ms CreateObjectMapping: 0.060300 ms MarkObjects: 2.125000 ms  DeleteObjects: 0.093100 ms)

========================================================================
Received Prepare
Registering precompiled user dll's ...
Registered in 0.002450 seconds.
Begin MonoManager ReloadAssembly
Native extension for WindowsStandalone target not found
Refreshing native plugins compatible for Editor in 0.33 ms, found 0 plugins.
Preloading 0 native plugins for Editor in 0.00 ms.
Invoked RoslynAnalysisRunner static constructor.
RoslynAnalysisRunner will not be running.
RoslynAnalysisRunner has terminated.
Mono: successfully reloaded assembly
- Completed reload, in  2.316 seconds
Platform modules already initialized, skipping
Refreshing native plugins compatible for Editor in 0.42 ms, found 0 plugins.
Preloading 0 native plugins for Editor in 0.00 ms.
Unloading 1102 Unused Serialized files (Serialized files now loaded: 0)
System memory in use before: 77.9 MB.
System memory in use after: 78.0 MB.

Unloading 5 unused Assets to reduce memory usage. Loaded Objects now: 1648.
Total: 3.264200 ms (FindLiveObjects: 0.235400 ms CreateObjectMapping: 0.067500 ms MarkObjects: 2.831800 ms  DeleteObjects: 0.127300 ms)

========================================================================
Received Prepare
Registering precompiled user dll's ...
Registered in 0.001704 seconds.
Begin MonoManager ReloadAssembly
Native extension for WindowsStandalone target not found
Refreshing native plugins compatible for Editor in 0.29 ms, found 0 plugins.
Preloading 0 native plugins for Editor in 0.00 ms.
Invoked RoslynAnalysisRunner static constructor.
RoslynAnalysisRunner will not be running.
RoslynAnalysisRunner has terminated.
Mono: successfully reloaded assembly
- Completed reload, in  1.612 seconds
Platform modules already initialized, skipping
Refreshing native plugins compatible for Editor in 0.55 ms, found 0 plugins.
Preloading 0 native plugins for Editor in 0.00 ms.
Unloading 1102 Unused Serialized files (Serialized files now loaded: 0)
System memory in use before: 77.9 MB.
System memory in use after: 78.0 MB.

Unloading 5 unused Assets to reduce memory usage. Loaded Objects now: 1650.
Total: 5.251100 ms (FindLiveObjects: 0.382500 ms CreateObjectMapping: 0.109400 ms MarkObjects: 4.547000 ms  DeleteObjects: 0.208400 ms)

========================================================================
Received Prepare
Registering precompiled user dll's ...
Registered in 0.001964 seconds.
Begin MonoManager ReloadAssembly
Native extension for WindowsStandalone target not found
Refreshing native plugins compatible for Editor in 0.27 ms, found 0 plugins.
Preloading 0 native plugins for Editor in 0.00 ms.
Invoked RoslynAnalysisRunner static constructor.
RoslynAnalysisRunner will not be running.
RoslynAnalysisRunner has terminated.
Mono: successfully reloaded assembly
- Completed reload, in  2.022 seconds
Platform modules already initialized, skipping
Refreshing native plugins compatible for Editor in 0.71 ms, found 0 plugins.
Preloading 0 native plugins for Editor in 0.00 ms.
Unloading 1102 Unused Serialized files (Serialized files now loaded: 0)
System memory in use before: 77.9 MB.
System memory in use after: 78.0 MB.

Unloading 5 unused Assets to reduce memory usage. Loaded Objects now: 1652.
Total: 7.436700 ms (FindLiveObjects: 0.744400 ms CreateObjectMapping: 0.162300 ms MarkObjects: 6.269400 ms  DeleteObjects: 0.254100 ms)

========================================================================
Received Import Request.
  Time since last request: 59143.692315 seconds.
  path: Assets/Sounds/GunShot8.wav
  artifactKey: Guid(e9fbedbf3361eda46a19abbd6c0a2f82) Importer(815301076,1909f56bfc062723c751e8b465ee728b)
Start importing Assets/Sounds/GunShot8.wav using Guid(e9fbedbf3361eda46a19abbd6c0a2f82) Importer(815301076,1909f56bfc062723c751e8b465ee728b)  -> (artifact id: '847443734d69640b88e6ab24bf2919d2') in 0.168786 seconds
  Import took 0.179350 seconds .

========================================================================
Received Prepare
Registering precompiled user dll's ...
Registered in 0.001295 seconds.
Begin MonoManager ReloadAssembly
Native extension for WindowsStandalone target not found
Refreshing native plugins compatible for Editor in 0.39 ms, found 0 plugins.
Preloading 0 native plugins for Editor in 0.00 ms.
Invoked RoslynAnalysisRunner static constructor.
RoslynAnalysisRunner will not be running.
RoslynAnalysisRunner has terminated.
Mono: successfully reloaded assembly
- Completed reload, in  1.895 seconds
Platform modules already initialized, skipping
Refreshing native plugins compatible for Editor in 0.28 ms, found 0 plugins.
Preloading 0 native plugins for Editor in 0.00 ms.
Unloading 1102 Unused Serialized files (Serialized files now loaded: 0)
System memory in use before: 77.9 MB.
System memory in use after: 78.0 MB.

Unloading 5 unused Assets to reduce memory usage. Loaded Objects now: 1655.
Total: 1.972900 ms (FindLiveObjects: 0.203700 ms CreateObjectMapping: 0.055200 ms MarkObjects: 1.626100 ms  DeleteObjects: 0.086300 ms)

========================================================================
Received Prepare
Registering precompiled user dll's ...
Registered in 0.002419 seconds.
Begin MonoManager ReloadAssembly
Native extension for WindowsStandalone target not found
Refreshing native plugins compatible for Editor in 0.25 ms, found 0 plugins.
Preloading 0 native plugins for Editor in 0.00 ms.
Invoked RoslynAnalysisRunner static constructor.
RoslynAnalysisRunner will not be running.
RoslynAnalysisRunner has terminated.
Mono: successfully reloaded assembly
- Completed reload, in  1.435 seconds
Platform modules already initialized, skipping
Refreshing native plugins compatible for Editor in 0.45 ms, found 0 plugins.
Preloading 0 native plugins for Editor in 0.00 ms.
Unloading 1102 Unused Serialized files (Serialized files now loaded: 0)
System memory in use before: 77.9 MB.
System memory in use after: 78.0 MB.

Unloading 5 unused Assets to reduce memory usage. Loaded Objects now: 1657.
Total: 5.060100 ms (FindLiveObjects: 0.732100 ms CreateObjectMapping: 0.566600 ms MarkObjects: 3.612600 ms  DeleteObjects: 0.145000 ms)

========================================================================
Received Import Request.
  Time since last request: 2418.995084 seconds.
  path: Assets/Prefabs/laxer Assets/wood bridge
  artifactKey: Guid(9bd1211281fc4424095eae33d476825c) Importer(815301076,1909f56bfc062723c751e8b465ee728b)
Start importing Assets/Prefabs/laxer Assets/wood bridge using Guid(9bd1211281fc4424095eae33d476825c) Importer(815301076,1909f56bfc062723c751e8b465ee728b)  -> (artifact id: '48e19f890b52b337fcfdf780d5825768') in 0.012500 seconds
  Import took 0.018626 seconds .

========================================================================
Received Import Request.
  Time since last request: 0.033454 seconds.
  path: Assets/Prefabs/laxer Assets/wood bridge/poly rock cube.fbx
  artifactKey: Guid(1bf04411ea1641842ab47d2f57baabf5) Importer(815301076,1909f56bfc062723c751e8b465ee728b)
Start importing Assets/Prefabs/laxer Assets/wood bridge/poly rock cube.fbx using Guid(1bf04411ea1641842ab47d2f57baabf5) Importer(815301076,1909f56bfc062723c751e8b465ee728b)  -> (artifact id: '09129ac33b0ccc144a07c1bfc1c67d66') in 0.148653 seconds
  Import took 0.153251 seconds .

========================================================================
Received Import Request.
  Time since last request: 15.717988 seconds.
  path: Assets/Prefabs/laxer Assets/wood bridge/Prefabs with collision
  artifactKey: Guid(4a52f4b69de7fea478b258bdbca47a5b) Importer(815301076,1909f56bfc062723c751e8b465ee728b)
Start importing Assets/Prefabs/laxer Assets/wood bridge/Prefabs with collision using Guid(4a52f4b69de7fea478b258bdbca47a5b) Importer(815301076,1909f56bfc062723c751e8b465ee728b)  -> (artifact id: '8df1be20a7a78cd975f647cec3e98238') in 0.007288 seconds
  Import took 0.010813 seconds .

========================================================================
Received Import Request.
  Time since last request: 0.045106 seconds.
  path: Assets/Prefabs/laxer Assets/wood bridge/Prefabs with collision/wood bridge 1 b.prefab
  artifactKey: Guid(b1748a207e089e140a13afcacbf7e47d) Importer(815301076,1909f56bfc062723c751e8b465ee728b)
Start importing Assets/Prefabs/laxer Assets/wood bridge/Prefabs with collision/wood bridge 1 b.prefab using Guid(b1748a207e089e140a13afcacbf7e47d) Importer(815301076,1909f56bfc062723c751e8b465ee728b)  -> (artifact id: '5e5f00a717cb6d0a51f404683cfe05bd') in 0.344792 seconds
  Import took 0.348162 seconds .

========================================================================
Received Import Request.
  Time since last request: 0.000335 seconds.
  path: Assets/Prefabs/laxer Assets/wood bridge/Prefabs with collision/wood bridge guardrail 1 b.prefab
  artifactKey: Guid(4d821b61a213fc840828e27fca18ba8e) Importer(815301076,1909f56bfc062723c751e8b465ee728b)
Start importing Assets/Prefabs/laxer Assets/wood bridge/Prefabs with collision/wood bridge guardrail 1 b.prefab using Guid(4d821b61a213fc840828e27fca18ba8e) Importer(815301076,1909f56bfc062723c751e8b465ee728b)  -> (artifact id: '6a8bf51677fe5f17a0e47fc5ee3a69ad') in 0.024447 seconds
  Import took 0.027856 seconds .

========================================================================
Received Import Request.
  Time since last request: 0.000756 seconds.
  path: Assets/Prefabs/laxer Assets/wood bridge/Prefabs with collision/wood bridge guardrail 2 b.prefab
  artifactKey: Guid(de9f578cfdca0894e889dca3bacef698) Importer(815301076,1909f56bfc062723c751e8b465ee728b)
Start importing Assets/Prefabs/laxer Assets/wood bridge/Prefabs with collision/wood bridge guardrail 2 b.prefab using Guid(de9f578cfdca0894e889dca3bacef698) Importer(815301076,1909f56bfc062723c751e8b465ee728b)  -> (artifact id: '670907d36cc86b61f8ce0cad8c7d4b67') in 0.024638 seconds
  Import took 0.028615 seconds .

========================================================================
Received Import Request.
  Time since last request: 0.000284 seconds.
  path: Assets/Prefabs/laxer Assets/wood bridge/Prefabs with collision/wood bridge beam 1.prefab
  artifactKey: Guid(310f765a5920d1142afbe256c3e1f43b) Importer(815301076,1909f56bfc062723c751e8b465ee728b)
Start importing Assets/Prefabs/laxer Assets/wood bridge/Prefabs with collision/wood bridge beam 1.prefab using Guid(310f765a5920d1142afbe256c3e1f43b) Importer(815301076,1909f56bfc062723c751e8b465ee728b)  -> (artifact id: '16f4bdade9048acb3ad5daba8fcd1436') in 0.023295 seconds
  Import took 0.027069 seconds .

========================================================================
Received Import Request.
  Time since last request: 0.000312 seconds.
  path: Assets/Prefabs/laxer Assets/wood bridge/Prefabs with collision/wood bridge stairs 2.prefab
  artifactKey: Guid(20987309ee214664180a77414b9ca8de) Importer(815301076,1909f56bfc062723c751e8b465ee728b)
Start importing Assets/Prefabs/laxer Assets/wood bridge/Prefabs with collision/wood bridge stairs 2.prefab using Guid(20987309ee214664180a77414b9ca8de) Importer(815301076,1909f56bfc062723c751e8b465ee728b)  -> (artifact id: '8303145dff6482e2f0384a84fb9a68dc') in 0.025426 seconds
  Import took 0.029239 seconds .

========================================================================
Received Import Request.
  Time since last request: 0.000356 seconds.
  path: Assets/Prefabs/laxer Assets/wood bridge/Prefabs with collision/wood bridge stairs 1.prefab
  artifactKey: Guid(6d13e3e1ec610134c8ec67c29c8f5f4b) Importer(815301076,1909f56bfc062723c751e8b465ee728b)
Start importing Assets/Prefabs/laxer Assets/wood bridge/Prefabs with collision/wood bridge stairs 1.prefab using Guid(6d13e3e1ec610134c8ec67c29c8f5f4b) Importer(815301076,1909f56bfc062723c751e8b465ee728b)  -> (artifact id: '53dc8b4c214bf8fd070f0f82c790a9ab') in 0.035126 seconds
  Import took 0.039929 seconds .

========================================================================
Received Import Request.
  Time since last request: 0.000402 seconds.
  path: Assets/Prefabs/laxer Assets/wood bridge/Prefabs with collision/wood bridge guardrail 1.prefab
  artifactKey: Guid(e9a17ad2c9a6e2a4c9f807f745c59b28) Importer(815301076,1909f56bfc062723c751e8b465ee728b)
Start importing Assets/Prefabs/laxer Assets/wood bridge/Prefabs with collision/wood bridge guardrail 1.prefab using Guid(e9a17ad2c9a6e2a4c9f807f745c59b28) Importer(815301076,1909f56bfc062723c751e8b465ee728b)  -> (artifact id: 'b74ec687cdf6200565d397bdfef3df20') in 0.037415 seconds
  Import took 0.041699 seconds .

========================================================================
Received Import Request.
  Time since last request: 0.000334 seconds.
  path: Assets/Prefabs/laxer Assets/wood bridge/Prefabs with collision/wood plank 2.prefab
  artifactKey: Guid(7552661bc45660240b68ea1e813bbe18) Importer(815301076,1909f56bfc062723c751e8b465ee728b)
Start importing Assets/Prefabs/laxer Assets/wood bridge/Prefabs with collision/wood plank 2.prefab using Guid(7552661bc45660240b68ea1e813bbe18) Importer(815301076,1909f56bfc062723c751e8b465ee728b)  -> (artifact id: 'cf8e87dd08c027a5becfd71f2f3308ba') in 0.036022 seconds
  Import took 0.039891 seconds .

========================================================================
Received Import Request.
  Time since last request: 0.000282 seconds.
  path: Assets/Prefabs/laxer Assets/wood bridge/Prefabs with collision/wood bridge guardrail 2.prefab
  artifactKey: Guid(6b8288da9ceb3bc439fd4802c81cb452) Importer(815301076,1909f56bfc062723c751e8b465ee728b)
Start importing Assets/Prefabs/laxer Assets/wood bridge/Prefabs with collision/wood bridge guardrail 2.prefab using Guid(6b8288da9ceb3bc439fd4802c81cb452) Importer(815301076,1909f56bfc062723c751e8b465ee728b)  -> (artifact id: 'ac9b1eca21904146348a2a2e05f2c1c0') in 0.035797 seconds
  Import took 0.039569 seconds .

========================================================================
Received Import Request.
  Time since last request: 0.000334 seconds.
  path: Assets/Prefabs/laxer Assets/wood bridge/Prefabs with collision/wood bridge step 1.prefab
  artifactKey: Guid(48aab90d7099e38428e69512f29b7c60) Importer(815301076,1909f56bfc062723c751e8b465ee728b)
Start importing Assets/Prefabs/laxer Assets/wood bridge/Prefabs with collision/wood bridge step 1.prefab using Guid(48aab90d7099e38428e69512f29b7c60) Importer(815301076,1909f56bfc062723c751e8b465ee728b)  -> (artifact id: 'c4371aebe9024c66b8be7f79bcf4c03e') in 0.027315 seconds
  Import took 0.032089 seconds .

========================================================================
Received Import Request.
  Time since last request: 0.000314 seconds.
  path: Assets/Prefabs/laxer Assets/wood bridge/Prefabs with collision/wood bridge corner 2.prefab
  artifactKey: Guid(98dadaae72a006d48955753a8c0eb7a0) Importer(815301076,1909f56bfc062723c751e8b465ee728b)
Start importing Assets/Prefabs/laxer Assets/wood bridge/Prefabs with collision/wood bridge corner 2.prefab using Guid(98dadaae72a006d48955753a8c0eb7a0) Importer(815301076,1909f56bfc062723c751e8b465ee728b)  -> (artifact id: 'f7280b8bc668ea01999396266187c88b') in 0.027444 seconds
  Import took 0.031607 seconds .

========================================================================
Received Import Request.
  Time since last request: 0.000520 seconds.
  path: Assets/Prefabs/laxer Assets/wood bridge/Prefabs with collision/wood plank 1.prefab
  artifactKey: Guid(8bbcfa2418cb33746b6fa1bdebee4806) Importer(815301076,1909f56bfc062723c751e8b465ee728b)
Start importing Assets/Prefabs/laxer Assets/wood bridge/Prefabs with collision/wood plank 1.prefab using Guid(8bbcfa2418cb33746b6fa1bdebee4806) Importer(815301076,1909f56bfc062723c751e8b465ee728b)  -> (artifact id: '24dd51c1710cdbe67064b2b6070d2b33') in 0.024443 seconds
  Import took 0.030700 seconds .

========================================================================
Received Import Request.
  Time since last request: 0.000367 seconds.
  path: Assets/Prefabs/laxer Assets/wood bridge/Prefabs with collision/wood bridge 1.prefab
  artifactKey: Guid(a10d1f3307879f24fa4403887422c73f) Importer(815301076,1909f56bfc062723c751e8b465ee728b)
Start importing Assets/Prefabs/laxer Assets/wood bridge/Prefabs with collision/wood bridge 1.prefab using Guid(a10d1f3307879f24fa4403887422c73f) Importer(815301076,1909f56bfc062723c751e8b465ee728b)  -> (artifact id: 'd92539be8479c1931bbb9a40a32a429a') in 0.027680 seconds
  Import took 0.032275 seconds .

========================================================================
Received Import Request.
  Time since last request: 0.000404 seconds.
  path: Assets/Prefabs/laxer Assets/wood bridge/Prefabs with collision/wood bridge corner 1.prefab
  artifactKey: Guid(73d2600b17c40b24cb6cc38b9b1dd10e) Importer(815301076,1909f56bfc062723c751e8b465ee728b)
Start importing Assets/Prefabs/laxer Assets/wood bridge/Prefabs with collision/wood bridge corner 1.prefab using Guid(73d2600b17c40b24cb6cc38b9b1dd10e) Importer(815301076,1909f56bfc062723c751e8b465ee728b)  -> (artifact id: '6649de61db8551ca535025d20a50a5a4') in 0.034521 seconds
  Import took 0.038294 seconds .

========================================================================
Received Import Request.
  Time since last request: 0.000679 seconds.
  path: Assets/Prefabs/laxer Assets/wood bridge/Prefabs with collision/wood planks 1.prefab
  artifactKey: Guid(b2db04363402831458a55ca9c7a4b151) Importer(815301076,1909f56bfc062723c751e8b465ee728b)
Start importing Assets/Prefabs/laxer Assets/wood bridge/Prefabs with collision/wood planks 1.prefab using Guid(b2db04363402831458a55ca9c7a4b151) Importer(815301076,1909f56bfc062723c751e8b465ee728b)  -> (artifact id: '0dc0a614c92027941e1a4a45d32b8e75') in 0.040994 seconds
  Import took 0.045248 seconds .

========================================================================
Received Import Request.
  Time since last request: 0.000351 seconds.
  path: Assets/Prefabs/laxer Assets/wood bridge/Prefabs with collision/wood bridge 2 b.prefab
  artifactKey: Guid(0d195c0b730647745af47bd4e3ac8616) Importer(815301076,1909f56bfc062723c751e8b465ee728b)
Start importing Assets/Prefabs/laxer Assets/wood bridge/Prefabs with collision/wood bridge 2 b.prefab using Guid(0d195c0b730647745af47bd4e3ac8616) Importer(815301076,1909f56bfc062723c751e8b465ee728b)  -> (artifact id: 'e18abdee2a84e5b473c42b32730baeaa') in 0.026801 seconds
  Import took 0.030618 seconds .

========================================================================
Received Import Request.
  Time since last request: 0.000298 seconds.
  path: Assets/Prefabs/laxer Assets/wood bridge/Prefabs with collision/wood bridge beam 2.prefab
  artifactKey: Guid(c4db999358520f14fb0bc15b060996eb) Importer(815301076,1909f56bfc062723c751e8b465ee728b)
Start importing Assets/Prefabs/laxer Assets/wood bridge/Prefabs with collision/wood bridge beam 2.prefab using Guid(c4db999358520f14fb0bc15b060996eb) Importer(815301076,1909f56bfc062723c751e8b465ee728b)  -> (artifact id: 'f5a76be29987e60cdf85aa819d6c91f2') in 0.026442 seconds
  Import took 0.030291 seconds .

========================================================================
Received Import Request.
  Time since last request: 0.000316 seconds.
  path: Assets/Prefabs/laxer Assets/wood bridge/Prefabs with collision/wood bridge 2.prefab
  artifactKey: Guid(c5fe18f281c2fa548b3124b44d5882d4) Importer(815301076,1909f56bfc062723c751e8b465ee728b)
Start importing Assets/Prefabs/laxer Assets/wood bridge/Prefabs with collision/wood bridge 2.prefab using Guid(c5fe18f281c2fa548b3124b44d5882d4) Importer(815301076,1909f56bfc062723c751e8b465ee728b)  -> (artifact id: '396b42bd39af598540ec1ddd00350ada') in 0.026740 seconds
  Import took 0.030969 seconds .

========================================================================
Received Import Request.
  Time since last request: 0.000458 seconds.
  path: Assets/Prefabs/laxer Assets/wood bridge/Prefabs with collision/wood bridge stairs 1 b.prefab
  artifactKey: Guid(36d2636b6965d754d8bbf1705661c796) Importer(815301076,1909f56bfc062723c751e8b465ee728b)
Start importing Assets/Prefabs/laxer Assets/wood bridge/Prefabs with collision/wood bridge stairs 1 b.prefab using Guid(36d2636b6965d754d8bbf1705661c796) Importer(815301076,1909f56bfc062723c751e8b465ee728b)  -> (artifact id: '93f694ef6543b6c84dd0749012ee0cf9') in 0.027546 seconds
  Import took 0.031213 seconds .

========================================================================
Received Import Request.
  Time since last request: 0.000287 seconds.
  path: Assets/Prefabs/laxer Assets/wood bridge/Prefabs with collision/wood planks 2.prefab
  artifactKey: Guid(722ceecca9b985545b583c859f7b5000) Importer(815301076,1909f56bfc062723c751e8b465ee728b)
Start importing Assets/Prefabs/laxer Assets/wood bridge/Prefabs with collision/wood planks 2.prefab using Guid(722ceecca9b985545b583c859f7b5000) Importer(815301076,1909f56bfc062723c751e8b465ee728b)  -> (artifact id: '7883e96a165d00d5a2dbb0cc55059c4f') in 0.038478 seconds
  Import took 0.042264 seconds .

========================================================================
Received Import Request.
  Time since last request: 0.000334 seconds.
  path: Assets/Prefabs/laxer Assets/wood bridge/Prefabs with collision/wood bridge stairs 2 b.prefab
  artifactKey: Guid(b7e95eb81d7e0894580b48733f6126b3) Importer(815301076,1909f56bfc062723c751e8b465ee728b)
Start importing Assets/Prefabs/laxer Assets/wood bridge/Prefabs with collision/wood bridge stairs 2 b.prefab using Guid(b7e95eb81d7e0894580b48733f6126b3) Importer(815301076,1909f56bfc062723c751e8b465ee728b)  -> (artifact id: '8dbc725be9ae8e052c6cf8751d2170b4') in 0.034117 seconds
  Import took 0.038766 seconds .

========================================================================
Received Prepare
Registering precompiled user dll's ...
Registered in 0.001725 seconds.
Begin MonoManager ReloadAssembly
Native extension for WindowsStandalone target not found
Refreshing native plugins compatible for Editor in 0.29 ms, found 0 plugins.
Preloading 0 native plugins for Editor in 0.00 ms.
Invoked RoslynAnalysisRunner static constructor.
RoslynAnalysisRunner will not be running.
RoslynAnalysisRunner has terminated.
Mono: successfully reloaded assembly
- Completed reload, in  1.343 seconds
Platform modules already initialized, skipping
Refreshing native plugins compatible for Editor in 0.33 ms, found 0 plugins.
Preloading 0 native plugins for Editor in 0.00 ms.
Unloading 1102 Unused Serialized files (Serialized files now loaded: 0)
System memory in use before: 78.0 MB.
System memory in use after: 78.1 MB.

Unloading 5 unused Assets to reduce memory usage. Loaded Objects now: 1660.
Total: 2.574500 ms (FindLiveObjects: 0.272200 ms CreateObjectMapping: 0.084500 ms MarkObjects: 2.108300 ms  DeleteObjects: 0.107400 ms)

========================================================================
Received Prepare
Registering precompiled user dll's ...
Registered in 0.001561 seconds.
Begin MonoManager ReloadAssembly
Native extension for WindowsStandalone target not found
Refreshing native plugins compatible for Editor in 0.29 ms, found 0 plugins.
Preloading 0 native plugins for Editor in 0.00 ms.
Invoked RoslynAnalysisRunner static constructor.
RoslynAnalysisRunner will not be running.
RoslynAnalysisRunner has terminated.
Mono: successfully reloaded assembly
- Completed reload, in  1.178 seconds
Platform modules already initialized, skipping
Refreshing native plugins compatible for Editor in 0.28 ms, found 0 plugins.
Preloading 0 native plugins for Editor in 0.00 ms.
Unloading 1102 Unused Serialized files (Serialized files now loaded: 0)
System memory in use before: 78.0 MB.
System memory in use after: 78.1 MB.

Unloading 5 unused Assets to reduce memory usage. Loaded Objects now: 1662.
Total: 2.593300 ms (FindLiveObjects: 0.229500 ms CreateObjectMapping: 0.056700 ms MarkObjects: 2.154000 ms  DeleteObjects: 0.150600 ms)

========================================================================
Received Prepare
Registering precompiled user dll's ...
Registered in 0.002225 seconds.
Begin MonoManager ReloadAssembly
Native extension for WindowsStandalone target not found
Refreshing native plugins compatible for Editor in 0.46 ms, found 0 plugins.
Preloading 0 native plugins for Editor in 0.00 ms.
Invoked RoslynAnalysisRunner static constructor.
RoslynAnalysisRunner will not be running.
RoslynAnalysisRunner has terminated.
Mono: successfully reloaded assembly
- Completed reload, in  1.945 seconds
Platform modules already initialized, skipping
Refreshing native plugins compatible for Editor in 0.30 ms, found 0 plugins.
Preloading 0 native plugins for Editor in 0.00 ms.
Unloading 1102 Unused Serialized files (Serialized files now loaded: 0)
System memory in use before: 78.0 MB.
System memory in use after: 78.1 MB.

Unloading 5 unused Assets to reduce memory usage. Loaded Objects now: 1664.
Total: 5.113000 ms (FindLiveObjects: 0.329100 ms CreateObjectMapping: 0.107500 ms MarkObjects: 4.519800 ms  DeleteObjects: 0.152500 ms)

========================================================================
Received Prepare
Registering precompiled user dll's ...
Registered in 0.001680 seconds.
Begin MonoManager ReloadAssembly
Native extension for WindowsStandalone target not found
Refreshing native plugins compatible for Editor in 0.32 ms, found 0 plugins.
Preloading 0 native plugins for Editor in 0.00 ms.
Invoked RoslynAnalysisRunner static constructor.
RoslynAnalysisRunner will not be running.
RoslynAnalysisRunner has terminated.
Mono: successfully reloaded assembly
- Completed reload, in  1.397 seconds
Platform modules already initialized, skipping
Refreshing native plugins compatible for Editor in 0.28 ms, found 0 plugins.
Preloading 0 native plugins for Editor in 0.00 ms.
Unloading 1102 Unused Serialized files (Serialized files now loaded: 0)
System memory in use before: 78.0 MB.
System memory in use after: 78.1 MB.

Unloading 5 unused Assets to reduce memory usage. Loaded Objects now: 1666.
Total: 2.657000 ms (FindLiveObjects: 0.274300 ms CreateObjectMapping: 0.074100 ms MarkObjects: 2.200600 ms  DeleteObjects: 0.105600 ms)

========================================================================
Received Prepare
Registering precompiled user dll's ...
Registered in 0.002631 seconds.
Begin MonoManager ReloadAssembly
Native extension for WindowsStandalone target not found
Refreshing native plugins compatible for Editor in 0.33 ms, found 0 plugins.
Preloading 0 native plugins for Editor in 0.00 ms.
Invoked RoslynAnalysisRunner static constructor.
RoslynAnalysisRunner will not be running.
RoslynAnalysisRunner has terminated.
Mono: successfully reloaded assembly
- Completed reload, in  1.202 seconds
Platform modules already initialized, skipping
Refreshing native plugins compatible for Editor in 0.32 ms, found 0 plugins.
Preloading 0 native plugins for Editor in 0.00 ms.
Unloading 1102 Unused Serialized files (Serialized files now loaded: 0)
System memory in use before: 78.0 MB.
System memory in use after: 78.1 MB.

Unloading 5 unused Assets to reduce memory usage. Loaded Objects now: 1668.
Total: 2.346100 ms (FindLiveObjects: 0.186100 ms CreateObjectMapping: 0.076600 ms MarkObjects: 1.984700 ms  DeleteObjects: 0.096300 ms)

AssetImportWorkerClient::OnTransportError - code=2 error=End of file
